<?xml version="1.0" encoding="UTF-8"?>
<testsuite name="com.kodilla.stream.array.ArrayOperationsTestSuite" tests="1" skipped="0" failures="0" errors="0" timestamp="2019-08-14T08:29:17" hostname="filip-X550JK" time="0.007">
  <properties/>
  <testcase name="testGetAverage" classname="com.kodilla.stream.array.ArrayOperationsTestSuite" time="0.007"/>
  <system-out><![CDATA[2
4
5
8
3
4.4
]]></system-out>
  <system-err><![CDATA[]]></system-err>
</testsuite>
