<?xml version="1.0" encoding="UTF-8"?>
<testsuite name="com.kodilla.patterns.prototype.library.LibraryTestSuite" tests="1" skipped="0" failures="0" errors="0" timestamp="2019-08-15T09:34:01" hostname="filip-X550JK" time="0.027">
  <properties/>
  <testcase name="testGetBooks" classname="com.kodilla.patterns.prototype.library.LibraryTestSuite" time="0.027"/>
  <system-out><![CDATA[Library: Library has: 9 elements
Book{title='Title 4', author='Author4', publicationDate=2019-08-15}
Book{title='Title 2', author='Author2', publicationDate=2019-08-15}
Book{title='Title 6', author='Author6', publicationDate=2019-08-15}
Book{title='Title 1', author='Author1', publicationDate=2019-08-15}
Book{title='Title 5', author='Author5', publicationDate=2019-08-15}
Book{title='Title 3', author='Author3', publicationDate=2019-08-15}
Book{title='Title 8', author='Author8', publicationDate=2019-08-15}
Book{title='Title 9', author='Author9', publicationDate=2019-08-15}
Book{title='Title 10', author='Author10', publicationDate=2019-08-15}
Library: Shallow cloned library has: 9 elements
Book{title='Title 4', author='Author4', publicationDate=2019-08-15}
Book{title='Title 2', author='Author2', publicationDate=2019-08-15}
Book{title='Title 6', author='Author6', publicationDate=2019-08-15}
Book{title='Title 1', author='Author1', publicationDate=2019-08-15}
Book{title='Title 5', author='Author5', publicationDate=2019-08-15}
Book{title='Title 3', author='Author3', publicationDate=2019-08-15}
Book{title='Title 8', author='Author8', publicationDate=2019-08-15}
Book{title='Title 9', author='Author9', publicationDate=2019-08-15}
Book{title='Title 10', author='Author10', publicationDate=2019-08-15}
Library: Deep cloned library has: 10 elements
Book{title='Title 7', author='Author7', publicationDate=2019-08-15}
Book{title='Title 4', author='Author4', publicationDate=2019-08-15}
Book{title='Title 2', author='Author2', publicationDate=2019-08-15}
Book{title='Title 6', author='Author6', publicationDate=2019-08-15}
Book{title='Title 1', author='Author1', publicationDate=2019-08-15}
Book{title='Title 5', author='Author5', publicationDate=2019-08-15}
Book{title='Title 3', author='Author3', publicationDate=2019-08-15}
Book{title='Title 8', author='Author8', publicationDate=2019-08-15}
Book{title='Title 9', author='Author9', publicationDate=2019-08-15}
Book{title='Title 10', author='Author10', publicationDate=2019-08-15}
]]></system-out>
  <system-err><![CDATA[]]></system-err>
</testsuite>
