<?xml version="1.0" encoding="UTF-8"?>
<testsuite name="com.kodilla.spring.intro.shape.DrawerTestSuite" tests="2" skipped="0" failures="0" errors="0" timestamp="2019-08-13T07:44:49" hostname="filip-X550JK" time="0.005">
  <properties/>
  <testcase name="testDoDrawingWithTriangle" classname="com.kodilla.spring.intro.shape.DrawerTestSuite" time="0.004"/>
  <testcase name="testDoDrawingWithCircle" classname="com.kodilla.spring.intro.shape.DrawerTestSuite" time="0.0"/>
  <system-out><![CDATA[This is a triangle
This is a circle
]]></system-out>
  <system-err><![CDATA[]]></system-err>
</testsuite>
